<?xml version="1.0" encoding="UTF-8"?>
<!-- Generated by org.testng.reporters.JUnitXMLReporter -->
<testsuite ignored="2" hostname="Silpas-MacBook-Pro.local" failures="1" tests="1" name="Test" time="7.528" errors="0" timestamp="2026-03-25T17:51:26 PDT">
  <testcase classname="testscripts.ManageNewsTest" name="verifyWhetherUserIsAbletoReset" time="2.558">
    <failure type="java.lang.AssertionError" message="User is not able to reset the manage news page expected [Manager News] but found [Manage News]">
      <![CDATA[java.lang.AssertionError: User is not able to reset the manage news page expected [Manager News] but found [Manage News]
at testscripts.ManageNewsTest.verifyWhetherUserIsAbletoReset(ManageNewsTest.java:100)
at java.base/java.util.ArrayList.forEach(ArrayList.java:1596)
... Removed 30 stack frames]]>
    </failure>
  </testcase> <!-- verifyWhetherUserIsAbletoReset -->
  <testcase classname="testscripts.ManageNewsTest" name="verifyWhetherUserIsAbletoSearchNews" time="0.0">
    <ignored/>
  </testcase> <!-- verifyWhetherUserIsAbletoSearchNews -->
  <testcase classname="testscripts.ManageNewsTest" name="verifyWhetherUserisAbletoAddNewNews" time="0.0">
    <ignored/>
  </testcase> <!-- verifyWhetherUserisAbletoAddNewNews -->
</testsuite> <!-- Test -->
