<?xml version="1.0" encoding="UTF-8"?>
<!-- Generated by org.testng.reporters.JUnitXMLReporter -->
<testsuite ignored="0" hostname="Silpas-MacBook-Pro.local" failures="0" tests="3" name="Test2" time="22.162" errors="0" timestamp="2026-03-23T13:43:15 PDT">
  <testcase classname="testscripts.AdminUsersTest" name="verifyWhetherUserIsAbletoAddNewUser" time="2.632"/>
  <testcase classname="testscripts.AdminUsersTest" name="verifyWhetherUserIsAbletoReset" time="1.836"/>
  <testcase classname="testscripts.AdminUsersTest" name="verifyWhetherUserIsAbletoSearchUser" time="1.993"/>
</testsuite> <!-- Test2 -->
