<?xml version="1.0" encoding="UTF-8"?>
<!-- Generated by org.testng.reporters.JUnitXMLReporter -->
<testsuite ignored="0" hostname="Silpas-MacBook-Pro.local" failures="0" tests="4" name="Test1" time="42.294" errors="0" timestamp="2026-03-23T13:42:53 PDT">
  <testcase classname="testscripts.LoginTest" name="verifyUserLoginWithValidCredentials" time="3.242"/>
  <testcase classname="testscripts.LoginTest" name="verifyUserLoginValidUsernameAndInvalidPassword" time="1.711"/>
  <testcase classname="testscripts.LoginTest" name="verifyUserLoginInValidUsernameAndValidPassword" time="1.536"/>
  <testcase classname="testscripts.LoginTest" name="verifyUserLoginWithInvalidCredentials" time="1.585"/>
</testsuite> <!-- Test1 -->
