<?xml version="1.0" encoding="UTF-8"?>
<!-- Generated by org.testng.reporters.JUnitReportReporter -->
<testsuite hostname="Silpas-MacBook-Pro.local" failures="0" tests="3" name="testscripts.AdminUsersTest" time="22.159" errors="0" timestamp="2026-03-23T13:43:15 PDT" skipped="0">
  <testcase classname="testscripts.AdminUsersTest" name="verifyWhetherUserIsAbletoAddNewUser" time="7.640"/>
  <testcase classname="testscripts.AdminUsersTest" name="verifyWhetherUserIsAbletoSearchUser" time="7.060"/>
  <testcase classname="testscripts.AdminUsersTest" name="verifyWhetherUserIsAbletoReset" time="7.459"/>
</testsuite> <!-- testscripts.AdminUsersTest -->
