<?xml version="1.0" encoding="UTF-8"?>
<!-- Generated by org.testng.reporters.JUnitXMLReporter -->
<testsuite ignored="3" hostname="Silpas-MacBook-Pro.local" failures="0" tests="1" name="Chrome Test" time="6.32" errors="0" timestamp="2026-03-23T12:20:23 PDT">
  <testcase classname="testscripts.LoginTest" name="verifyUserLoginWithValidCredentials" time="1.209"/>
  <testcase classname="testscripts.LoginTest" name="verifyUserLoginValidUsernameAndInvalidPassword" time="0.0">
    <ignored/>
  </testcase> <!-- verifyUserLoginValidUsernameAndInvalidPassword -->
  <testcase classname="testscripts.LoginTest" name="verifyUserLoginWithInvalidCredentials" time="0.0">
    <ignored/>
  </testcase> <!-- verifyUserLoginWithInvalidCredentials -->
  <testcase classname="testscripts.LoginTest" name="verifyUserLoginInValidUsernameAndValidPassword" time="0.0">
    <ignored/>
  </testcase> <!-- verifyUserLoginInValidUsernameAndValidPassword -->
</testsuite> <!-- Chrome Test -->
