<?xml version="1.0" encoding="UTF-8"?>
<!-- Generated by org.testng.reporters.JUnitXMLReporter -->
<testsuite ignored="2" hostname="Silpas-MacBook-Pro.local" failures="0" tests="2" name="Test" time="11.753" errors="0" timestamp="2026-03-23T13:20:12 PDT">
  <testcase classname="testscripts.LoginTest" name="verifyUserLoginWithValidCredentials" time="1.224"/>
  <testcase classname="testscripts.LoginTest" name="verifyUserLoginWithInvalidCredentials" time="0.44"/>
  <testcase classname="testscripts.LoginTest" name="verifyUserLoginValidUsernameAndInvalidPassword" time="0.0">
    <ignored/>
  </testcase> <!-- verifyUserLoginValidUsernameAndInvalidPassword -->
  <testcase classname="testscripts.LoginTest" name="verifyUserLoginInValidUsernameAndValidPassword" time="0.0">
    <ignored/>
  </testcase> <!-- verifyUserLoginInValidUsernameAndValidPassword -->
</testsuite> <!-- Test -->
